[debug] [2022-06-05T13:27:54.631Z] ----------------------------------------------------------------------
[debug] [2022-06-05T13:27:54.634Z] Command:       C:\Program Files\nodejs\node.exe C:\Users\HP\AppData\Roaming\npm\node_modules\firebase-tools\lib\bin\firebase.js init
[debug] [2022-06-05T13:27:54.636Z] CLI Version:   11.0.1
[debug] [2022-06-05T13:27:54.636Z] Platform:      win32
[debug] [2022-06-05T13:27:54.636Z] Node Version:  v16.13.2
[debug] [2022-06-05T13:27:54.638Z] Time:          Sun Jun 05 2022 14:27:54 GMT+0100 (West Africa Standard Time)
[debug] [2022-06-05T13:27:54.638Z] ----------------------------------------------------------------------
[debug] 
[debug] [2022-06-05T13:27:54.655Z] > command requires scopes: ["email","openid","https://www.googleapis.com/auth/cloudplatformprojects.readonly","https://www.googleapis.com/auth/firebase","https://www.googleapis.com/auth/cloud-platform"]
[debug] [2022-06-05T13:27:54.656Z] > authorizing via signed-in user (etokedidionge@gmail.com)
[info] 
     ######## #### ########  ######## ########     ###     ######  ########
     ##        ##  ##     ## ##       ##     ##  ##   ##  ##       ##
     ######    ##  ########  ######   ########  #########  ######  ######
     ##        ##  ##    ##  ##       ##     ## ##     ##       ## ##
     ##       #### ##     ## ######## ########  ##     ##  ######  ########

You're about to initialize a Firebase project in this directory:

  C:\Users\HP\Desktop\school-management-system\school-client

[info] 
=== Project Setup
[info] 
[info] First, let's associate this project directory with a Firebase project.
[info] You can create multiple project aliases by running firebase use --add, 
[info] but for now we'll just set up a default project.
[info] 
[info] i  If you want to create a project in a Google Cloud organization or folder, please use "firebase projects:create" instead, and return to this command when you've created the project. 
[debug] [2022-06-05T13:29:37.781Z] ----------------------------------------------------------------------
[debug] [2022-06-05T13:29:37.785Z] Command:       C:\Program Files\nodejs\node.exe C:\Users\HP\AppData\Roaming\npm\node_modules\firebase-tools\lib\bin\firebase.js init
[debug] [2022-06-05T13:29:37.786Z] CLI Version:   11.0.1
[debug] [2022-06-05T13:29:37.786Z] Platform:      win32
[debug] [2022-06-05T13:29:37.786Z] Node Version:  v16.13.2
[debug] [2022-06-05T13:29:37.788Z] Time:          Sun Jun 05 2022 14:29:37 GMT+0100 (West Africa Standard Time)
[debug] [2022-06-05T13:29:37.788Z] ----------------------------------------------------------------------
[debug] 
[debug] [2022-06-05T13:29:37.806Z] > command requires scopes: ["email","openid","https://www.googleapis.com/auth/cloudplatformprojects.readonly","https://www.googleapis.com/auth/firebase","https://www.googleapis.com/auth/cloud-platform"]
[debug] [2022-06-05T13:29:37.807Z] > authorizing via signed-in user (etokedidionge@gmail.com)
[info] 
     ######## #### ########  ######## ########     ###     ######  ########
     ##        ##  ##     ## ##       ##     ##  ##   ##  ##       ##
     ######    ##  ########  ######   ########  #########  ######  ######
     ##        ##  ##    ##  ##       ##     ## ##     ##       ## ##
     ##       #### ##     ## ######## ########  ##     ##  ######  ########

You're about to initialize a Firebase project in this directory:

  C:\Users\HP\Desktop\school-management-system\school-client

[info] 
=== Project Setup
[info] 
[info] First, let's associate this project directory with a Firebase project.
[info] You can create multiple project aliases by running firebase use --add, 
[info] but for now we'll just set up a default project.
[info] 
[debug] [2022-06-05T13:29:53.306Z] >>> [apiv2][query] GET https://firebase.googleapis.com/v1beta1/projects pageSize=100
[debug] [2022-06-05T13:29:54.251Z] <<< [apiv2][status] GET https://firebase.googleapis.com/v1beta1/projects 200
[debug] [2022-06-05T13:29:54.252Z] <<< [apiv2][body] GET https://firebase.googleapis.com/v1beta1/projects [omitted]
[info] i  Using project el-gibbor-client (el-gibbor client) 
[info] 
=== Hosting Setup
[info] 
[info] Your public directory is the folder (relative to your project directory) that
[info] will contain Hosting assets to be uploaded with firebase deploy. If you
[info] have a build process for your assets, use your build's output directory.
[info] 
[debug] [2022-06-05T13:30:41.816Z] >>> [apiv2][query] GET https://www.gstatic.com/firebasejs/releases.json [none]
[debug] [2022-06-05T13:30:42.202Z] <<< [apiv2][status] GET https://www.gstatic.com/firebasejs/releases.json 200
[debug] [2022-06-05T13:30:42.203Z] <<< [apiv2][body] GET https://www.gstatic.com/firebasejs/releases.json {"current":{"version":"9.8.2","browserURL":"https://www.gstatic.com/firebasejs/9.8.2/firebase.js","packageURL":"https://www.gstatic.com/firebasejs/9.8.2/firebase.tgz"},"live":{"version":"9.8","browserURL":"https://www.gstatic.com/firebasejs/live/9.8/firebase.js","packageURL":"https://www.gstatic.com/firebasejs/live/9.8/firebase.tgz"},"components":{"analytics":"https://www.gstatic.com/firebasejs/9.8.2/firebase-analytics.js","app":"https://www.gstatic.com/firebasejs/9.8.2/firebase-app.js","app-check":"https://www.gstatic.com/firebasejs/9.8.2/firebase-app-check.js","auth":"https://www.gstatic.com/firebasejs/9.8.2/firebase-auth.js","auth/cordova":"https://www.gstatic.com/firebasejs/9.8.2/firebase-auth/cordova.js","auth/react-native":"https://www.gstatic.com/firebasejs/9.8.2/firebase-auth/react-native.js","functions":"https://www.gstatic.com/firebasejs/9.8.2/firebase-functions.js","firestore":"https://www.gstatic.com/firebasejs/9.8.2/firebase-firestore.js","firestore/lite":"https://www.gstatic.com/firebasejs/9.8.2/firebase-firestore/lite.js","storage":"https://www.gstatic.com/firebasejs/9.8.2/firebase-storage.js","performance":"https://www.gstatic.com/firebasejs/9.8.2/firebase-performance.js","remote-config":"https://www.gstatic.com/firebasejs/9.8.2/firebase-remote-config.js","messaging":"https://www.gstatic.com/firebasejs/9.8.2/firebase-messaging.js","messaging/sw":"https://www.gstatic.com/firebasejs/9.8.2/firebase-messaging/sw.js","database":"https://www.gstatic.com/firebasejs/9.8.2/firebase-database.js","firestore.memory":"https://www.gstatic.com/firebasejs/9.8.2/firebase-firestore.memory.js"}}
[info] +  Wrote y/index.html 
[info] 
[info] i  Detected a .git folder at C:\Users\HP\Desktop\school-management-system\school-client 
[info] i  Authorizing with GitHub to upload your service account to a GitHub repository's secrets store. 
[info] 
[info] Visit this URL on this device to log in:
[info] https://github.com/login/oauth/authorize?client_id=89cf50f02ac6aaed3484&state=999255566&redirect_uri=http%3A%2F%2Flocalhost%3A9005&scope=read%3Auser%20repo%20public_repo
[info] 
[info] Waiting for authentication...
[debug] [2022-06-05T13:31:03.681Z] >>> HTTP REQUEST POST https://github.com/login/oauth/access_token  
 {"client_id":"89cf50f02ac6aaed3484","client_secret":"3330d14abc895d9a74d5f17cd7a00711fa2c5bf0","code":"c09f1c4fe5485eb7162d","redirect_uri":"http://localhost:9005","state":"999255566"}
[debug] [2022-06-05T13:31:04.614Z] <<< HTTP RESPONSE 200 {"server":"GitHub.com","date":"Sun, 05 Jun 2022 13:31:05 GMT","content-type":"application/json; charset=utf-8","transfer-encoding":"chunked","vary":"X-PJAX, X-PJAX-Container, Turbo-Visit, Turbo-Frame, Accept-Encoding, Accept, X-Requested-With","permissions-policy":"interest-cohort=()","etag":"W/\"b34e10ec39e596b8ad1df6dfe550bbc4\"","cache-control":"max-age=0, private, must-revalidate","strict-transport-security":"max-age=31536000; includeSubdomains; preload","x-frame-options":"deny","x-content-type-options":"nosniff","x-xss-protection":"0","referrer-policy":"origin-when-cross-origin, strict-origin-when-cross-origin","expect-ct":"max-age=2592000, report-uri=\"https://api.github.com/_private/browser/errors\"","content-security-policy":"default-src 'none'; base-uri 'self'; block-all-mixed-content; child-src github.com/assets-cdn/worker/ gist.github.com/assets-cdn/worker/; connect-src 'self' uploads.github.com objects-origin.githubusercontent.com www.githubstatus.com collector.github.com raw.githubusercontent.com api.github.com github-cloud.s3.amazonaws.com github-production-repository-file-5c1aeb.s3.amazonaws.com github-production-upload-manifest-file-7fdce7.s3.amazonaws.com github-production-user-asset-6210df.s3.amazonaws.com cdn.optimizely.com logx.optimizely.com/v1/events *.actions.githubusercontent.com wss://*.actions.githubusercontent.com online.visualstudio.com/api/v1/locations github-production-repository-image-32fea6.s3.amazonaws.com github-production-release-asset-2e65be.s3.amazonaws.com insights.github.com wss://alive.github.com; font-src github.githubassets.com; form-action 'self' github.com gist.github.com objects-origin.githubusercontent.com; frame-ancestors 'none'; frame-src render.githubusercontent.com viewscreen.githubusercontent.com notebooks.githubusercontent.com; img-src 'self' data: github.githubassets.com identicons.github.com github-cloud.s3.amazonaws.com secured-user-images.githubusercontent.com/ github-production-user-asset-6210df.s3.amazonaws.com *.githubusercontent.com; manifest-src 'self'; media-src github.com user-images.githubusercontent.com/; script-src github.githubassets.com; style-src 'unsafe-inline' github.githubassets.com; worker-src github.com/assets-cdn/worker/ gist.github.com/assets-cdn/worker/","x-github-request-id":"80BF:0F4A:2DD7DDF:30ED369:629CB019"}
[debug] [2022-06-05T13:31:04.656Z] >>> [apiv2][query] GET https://api.github.com/user [none]
[debug] [2022-06-05T13:31:05.468Z] <<< [apiv2][status] GET https://api.github.com/user 200
[debug] [2022-06-05T13:31:05.469Z] <<< [apiv2][body] GET https://api.github.com/user {"login":"edidee","id":56112732,"node_id":"MDQ6VXNlcjU2MTEyNzMy","avatar_url":"https://avatars.githubusercontent.com/u/56112732?v=4","gravatar_id":"","url":"https://api.github.com/users/edidee","html_url":"https://github.com/edidee","followers_url":"https://api.github.com/users/edidee/followers","following_url":"https://api.github.com/users/edidee/following{/other_user}","gists_url":"https://api.github.com/users/edidee/gists{/gist_id}","starred_url":"https://api.github.com/users/edidee/starred{/owner}{/repo}","subscriptions_url":"https://api.github.com/users/edidee/subscriptions","organizations_url":"https://api.github.com/users/edidee/orgs","repos_url":"https://api.github.com/users/edidee/repos","events_url":"https://api.github.com/users/edidee/events{/privacy}","received_events_url":"https://api.github.com/users/edidee/received_events","type":"User","site_admin":false,"name":"Edidiong Etok","company":null,"blog":"","location":"Uyo","email":"etokedidionge@gmail.com","hireable":null,"bio":"Frontend developer","twitter_username":"EdidiongEtok","public_repos":52,"public_gists":0,"followers":6,"following":18,"created_at":"2019-10-03T09:21:29Z","updated_at":"2022-05-08T19:16:59Z","private_gists":0,"total_private_repos":4,"owned_private_repos":4,"disk_usage":190944,"collaborators":0,"two_factor_authentication":false,"plan":{"name":"free","space":976562499,"collaborators":0,"private_repos":10000}}
[info] 
[info] +  Success! Logged into GitHub as edidee 
[info] 
